<?xml version="1.0" encoding="UTF-8"?>
<testsuite xmlns:xsi="http://www.w3.org/2001/XMLSchema-instance" xsi:noNamespaceSchemaLocation="https://maven.apache.org/surefire/maven-surefire-plugin/xsd/surefire-test-report-3.0.xsd" version="3.0" name="com.ridetogether.RidetogetherApplicationTests" time="13.924" tests="1" errors="0" skipped="0" failures="0">
  <properties>
[...]
</properties>
  <testcase name="contextLoads" classname="com.ridetogether.RidetogetherApplicationTests" time="2.985">
    <system-out><![CDATA[17:41:14.250 [main] INFO org.springframework.test.context.support.AnnotationConfigContextLoaderUtils -- Could not detect default configuration classes for test class [com.ridetogether.RidetogetherApplicationTests]: RidetogetherApplicationTests does not declare any static, non-private, non-final, nested classes annotated with @Configuration.
17:41:14.522 [main] INFO org.springframework.boot.test.context.SpringBootTestContextBootstrapper -- Found @SpringBootConfiguration com.ridetogether.RideTogetherApplication for test class com.ridetogether.RidetogetherApplicationTests
17:41:15.263 [main] INFO org.springframework.boot.devtools.restart.RestartApplicationListener -- Restart disabled due to context in which it is running

  .   ____          _            __ _ _
 /\\ / ___'_ __ _ _(_)_ __  __ _ \ \ \ \
( ( )\___ | '_ | '_| | '_ \/ _` | \ \ \ \
 \\/  ___)| |_)| | | | | || (_| |  ) ) ) )
  '  |____| .__|_| |_|_| |_\__, | / / / /
 =========|_|==============|___/=/_/_/_/

 :: Spring Boot ::                (v3.3.2)

2024-08-05T17:41:16.439+05:30  INFO 4308 --- [ridetogether] [           main] c.r.RidetogetherApplicationTests         : Starting RidetogetherApplicationTests using Java 21.0.2 with PID 4308 (started by hp in C:\Users\hp\IdeaProjects\ridetogether)
2024-08-05T17:41:16.444+05:30  INFO 4308 --- [ridetogether] [           main] c.r.RidetogetherApplicationTests         : No active profile set, falling back to 1 default profile: "default"
2024-08-05T17:41:19.178+05:30  INFO 4308 --- [ridetogether] [           main] .s.d.r.c.RepositoryConfigurationDelegate : Bootstrapping Spring Data MongoDB repositories in DEFAULT mode.
2024-08-05T17:41:19.314+05:30  INFO 4308 --- [ridetogether] [           main] .s.d.r.c.RepositoryConfigurationDelegate : Finished Spring Data repository scanning in 125 ms. Found 1 MongoDB repository interface.
2024-08-05T17:41:21.440+05:30  INFO 4308 --- [ridetogether] [           main] org.mongodb.driver.client                : MongoClient with metadata {"application": {"name": "Cluster0"}, "driver": {"name": "mongo-java-driver|sync|spring-boot", "version": "5.0.1"}, "os": {"type": "Windows", "name": "Windows 10", "architecture": "amd64", "version": "10.0"}, "platform": "Java/Oracle Corporation/21.0.2+13-LTS-58"} created with settings MongoClientSettings{readPreference=primary, writeConcern=WriteConcern{w=majority, wTimeout=null ms, journal=null}, retryWrites=true, retryReads=true, readConcern=ReadConcern{level=null}, credential=MongoCredential{mechanism=null, userName='kushwanthvaddi3', source='admin', password=<hidden>, mechanismProperties=<hidden>}, transportSettings=null, commandListeners=[], codecRegistry=ProvidersCodecRegistry{codecProviders=[ValueCodecProvider{}, BsonValueCodecProvider{}, DBRefCodecProvider{}, DBObjectCodecProvider{}, DocumentCodecProvider{}, CollectionCodecProvider{}, IterableCodecProvider{}, MapCodecProvider{}, GeoJsonCodecProvider{}, GridFSFileCodecProvider{}, Jsr310CodecProvider{}, JsonObjectCodecProvider{}, BsonCodecProvider{}, EnumCodecProvider{}, com.mongodb.client.model.mql.ExpressionCodecProvider@26ca61bf, com.mongodb.Jep395RecordCodecProvider@73a0f2b, com.mongodb.KotlinCodecProvider@fa5f81c]}, loggerSettings=LoggerSettings{maxDocumentLength=1000}, clusterSettings={hosts=[127.0.0.1:27017], srvHost=cluster0.y04myus.mongodb.net, srvServiceName=mongodb, mode=MULTIPLE, requiredClusterType=REPLICA_SET, requiredReplicaSetName='atlas-137plr-shard-0', serverSelector='null', clusterListeners='[]', serverSelectionTimeout='30000 ms', localThreshold='15 ms'}, socketSettings=SocketSettings{connectTimeoutMS=10000, readTimeoutMS=0, receiveBufferSize=0, proxySettings=ProxySettings{host=null, port=null, username=null, password=null}}, heartbeatSocketSettings=SocketSettings{connectTimeoutMS=10000, readTimeoutMS=10000, receiveBufferSize=0, proxySettings=ProxySettings{host=null, port=null, username=null, password=null}}, connectionPoolSettings=ConnectionPoolSettings{maxSize=100, minSize=0, maxWaitTimeMS=120000, maxConnectionLifeTimeMS=0, maxConnectionIdleTimeMS=0, maintenanceInitialDelayMS=0, maintenanceFrequencyMS=60000, connectionPoolListeners=[], maxConnecting=2}, serverSettings=ServerSettings{heartbeatFrequencyMS=10000, minHeartbeatFrequencyMS=500, serverListeners='[]', serverMonitorListeners='[]'}, sslSettings=SslSettings{enabled=true, invalidHostNameAllowed=false, context=null}, applicationName='Cluster0', compressorList=[], uuidRepresentation=JAVA_LEGACY, serverApi=null, autoEncryptionSettings=null, dnsClient=null, inetAddressResolver=null, contextProvider=null}
2024-08-05T17:41:21.460+05:30  INFO 4308 --- [ridetogether] [yus.mongodb.net] org.mongodb.driver.cluster               : Adding discovered server ac-tqkyber-shard-00-02.y04myus.mongodb.net:27017 to client view of cluster
2024-08-05T17:41:21.527+05:30  INFO 4308 --- [ridetogether] [yus.mongodb.net] org.mongodb.driver.cluster               : Adding discovered server ac-tqkyber-shard-00-00.y04myus.mongodb.net:27017 to client view of cluster
2024-08-05T17:41:21.534+05:30  INFO 4308 --- [ridetogether] [yus.mongodb.net] org.mongodb.driver.cluster               : Adding discovered server ac-tqkyber-shard-00-01.y04myus.mongodb.net:27017 to client view of cluster
2024-08-05T17:41:23.393+05:30  INFO 4308 --- [ridetogether] [ngodb.net:27017] org.mongodb.driver.cluster               : Monitor thread successfully connected to server with description ServerDescription{address=ac-tqkyber-shard-00-01.y04myus.mongodb.net:27017, type=REPLICA_SET_SECONDARY, state=CONNECTED, ok=true, minWireVersion=0, maxWireVersion=21, maxDocumentSize=16777216, logicalSessionTimeoutMinutes=30, roundTripTimeNanos=988904800, setName='atlas-137plr-shard-0', canonicalAddress=ac-tqkyber-shard-00-01.y04myus.mongodb.net:27017, hosts=[ac-tqkyber-shard-00-01.y04myus.mongodb.net:27017, ac-tqkyber-shard-00-00.y04myus.mongodb.net:27017, ac-tqkyber-shard-00-02.y04myus.mongodb.net:27017], passives=[], arbiters=[], primary='ac-tqkyber-shard-00-02.y04myus.mongodb.net:27017', tagSet=TagSet{[Tag{name='diskState', value='READY'}, Tag{name='nodeType', value='ELECTABLE'}, Tag{name='provider', value='AZURE'}, Tag{name='region', value='INDIA_CENTRAL'}, Tag{name='workloadType', value='OPERATIONAL'}]}, electionId=null, setVersion=3, topologyVersion=TopologyVersion{processId=66aaa1afeb3d01ebb2e5f2b5, counter=3}, lastWriteDate=Mon Aug 05 17:41:23 IST 2024, lastUpdateTimeNanos=372170087562900}
2024-08-05T17:41:23.394+05:30  INFO 4308 --- [ridetogether] [ngodb.net:27017] org.mongodb.driver.cluster               : Monitor thread successfully connected to server with description ServerDescription{address=ac-tqkyber-shard-00-02.y04myus.mongodb.net:27017, type=REPLICA_SET_PRIMARY, state=CONNECTED, ok=true, minWireVersion=0, maxWireVersion=21, maxDocumentSize=16777216, logicalSessionTimeoutMinutes=30, roundTripTimeNanos=991146800, setName='atlas-137plr-shard-0', canonicalAddress=ac-tqkyber-shard-00-02.y04myus.mongodb.net:27017, hosts=[ac-tqkyber-shard-00-01.y04myus.mongodb.net:27017, ac-tqkyber-shard-00-00.y04myus.mongodb.net:27017, ac-tqkyber-shard-00-02.y04myus.mongodb.net:27017], passives=[], arbiters=[], primary='ac-tqkyber-shard-00-02.y04myus.mongodb.net:27017', tagSet=TagSet{[Tag{name='diskState', value='READY'}, Tag{name='nodeType', value='ELECTABLE'}, Tag{name='provider', value='AZURE'}, Tag{name='region', value='INDIA_CENTRAL'}, Tag{name='workloadType', value='OPERATIONAL'}]}, electionId=7fffffff000000000000006c, setVersion=3, topologyVersion=TopologyVersion{processId=66aa9f02ff9c82482f876f20, counter=6}, lastWriteDate=Mon Aug 05 17:41:23 IST 2024, lastUpdateTimeNanos=372170086203100}
2024-08-05T17:41:23.395+05:30  INFO 4308 --- [ridetogether] [ngodb.net:27017] org.mongodb.driver.cluster               : Monitor thread successfully connected to server with description ServerDescription{address=ac-tqkyber-shard-00-00.y04myus.mongodb.net:27017, type=REPLICA_SET_SECONDARY, state=CONNECTED, ok=true, minWireVersion=0, maxWireVersion=21, maxDocumentSize=16777216, logicalSessionTimeoutMinutes=30, roundTripTimeNanos=992923400, setName='atlas-137plr-shard-0', canonicalAddress=ac-tqkyber-shard-00-00.y04myus.mongodb.net:27017, hosts=[ac-tqkyber-shard-00-01.y04myus.mongodb.net:27017, ac-tqkyber-shard-00-00.y04myus.mongodb.net:27017, ac-tqkyber-shard-00-02.y04myus.mongodb.net:27017], passives=[], arbiters=[], primary='ac-tqkyber-shard-00-02.y04myus.mongodb.net:27017', tagSet=TagSet{[Tag{name='diskState', value='READY'}, Tag{name='nodeType', value='ELECTABLE'}, Tag{name='provider', value='AZURE'}, Tag{name='region', value='INDIA_CENTRAL'}, Tag{name='workloadType', value='OPERATIONAL'}]}, electionId=null, setVersion=3, topologyVersion=TopologyVersion{processId=66aa9b85ef2dcfe7861e767d, counter=4}, lastWriteDate=Mon Aug 05 17:41:23 IST 2024, lastUpdateTimeNanos=372170087968500}
2024-08-05T17:41:23.405+05:30  INFO 4308 --- [ridetogether] [ngodb.net:27017] org.mongodb.driver.cluster               : Discovered replica set primary ac-tqkyber-shard-00-02.y04myus.mongodb.net:27017 with max election id 7fffffff000000000000006c and max set version 3
2024-08-05T17:41:24.438+05:30  INFO 4308 --- [ridetogether] [           main] c.r.RidetogetherApplicationTests         : Started RidetogetherApplicationTests in 9.316 seconds (process running for 13.117)
]]></system-out>
    <system-err><![CDATA[WARNING: A Java agent has been loaded dynamically (C:\Users\hp\.m2\repository\net\bytebuddy\byte-buddy-agent\1.14.18\byte-buddy-agent-1.14.18.jar)
WARNING: If a serviceability tool is in use, please run with -XX:+EnableDynamicAgentLoading to hide this warning
WARNING: If a serviceability tool is not in use, please run with -Djdk.instrument.traceUsage for more information
WARNING: Dynamic loading of agents will be disallowed by default in a future release
]]></system-err>
  </testcase>
</testsuite>